<?xml version="1.0" encoding="UTF-8"?>
<testng-results ignored="0" total="1" passed="1" failed="0" skipped="0">
  <reporter-output>
  </reporter-output>
  <suite started-at="2026-05-16T17:58:25 IST" name="Surefire suite" finished-at="2026-05-16T17:58:46 IST" duration-ms="20759">
    <groups>
    </groups>
    <test started-at="2026-05-16T17:58:25 IST" name="Surefire test" finished-at="2026-05-16T17:58:46 IST" duration-ms="20759">
      <class name="Amazon.LaptopBagTest">
        <test-method signature="amazonTest()[pri:0, instance:Amazon.LaptopBagTest@525f1e4e]" started-at="2026-05-16T17:58:25 IST" name="amazonTest" finished-at="2026-05-16T17:58:46 IST" duration-ms="20706" status="PASS">
          <reporter-output>
          </reporter-output>
        </test-method> <!-- amazonTest -->
      </class> <!-- Amazon.LaptopBagTest -->
    </test> <!-- Surefire test -->
  </suite> <!-- Surefire suite -->
</testng-results>
